[13:07:38] [ServerMain/INFO]: [bootstrap] Running Java 21 (OpenJDK 64-Bit Server VM 21.0.6+7-LTS; Microsoft Microsoft-10800198) on Linux 6.8.0-1027-azure (amd64)
[13:07:38] [ServerMain/INFO]: [bootstrap] Loading Paper 1.21.4-231-ver/1.21.4@09e9afd (2025-05-19T17:59:36Z) for Minecraft 1.21.4
[13:07:38] [ServerMain/INFO]: [PluginInitializerManager] Initializing plugins...
[13:07:39] [ServerMain/INFO]: [PluginInitializerManager] Initialized 4 plugins
[13:07:39] [ServerMain/INFO]: [PluginInitializerManager] Bukkit plugins (4):
 - FarmProtection (1.0), Geyser-Spigot (2.7.1-SNAPSHOT), ViaBackwards (5.3.2), ViaVersion (5.3.2)
[13:07:43] [ServerMain/INFO]: Environment: Environment[sessionHost=https://sessionserver.mojang.com, servicesHost=https://api.minecraftservices.com, name=PROD]
[13:07:45] [ServerMain/INFO]: Loaded 1370 recipes
[13:07:45] [ServerMain/INFO]: Loaded 1481 advancements
[13:07:45] [ServerMain/INFO]: [MCTypeRegistry] Initialising converters for DataConverter...
[13:07:46] [ServerMain/INFO]: [MCTypeRegistry] Finished initialising converters for DataConverter in 238.5ms
[13:07:46] [Server thread/INFO]: Starting minecraft server version 1.21.4
[13:07:46] [Server thread/INFO]: Loading properties
[13:07:46] [Server thread/INFO]: This server is running Paper version 1.21.4-231-ver/1.21.4@09e9afd (2025-05-19T17:59:36Z) (Implementing API version 1.21.4-R0.1-SNAPSHOT)
[13:07:46] [Server thread/INFO]: [spark] This server bundles the spark profiler. For more information please visit https://docs.papermc.io/paper/profiling
[13:07:46] [Server thread/INFO]: Server Ping Player Sample Count: 12
[13:07:46] [Server thread/INFO]: Using 4 threads for Netty based IO
[13:07:47] [Server thread/INFO]: [MoonriseCommon] Paper is using 1 worker threads, 1 I/O threads
[13:07:47] [Server thread/INFO]: [ChunkTaskScheduler] Chunk system is using population gen parallelism: true
[13:07:47] [Server thread/INFO]: Default game type: SURVIVAL
[13:07:47] [Server thread/INFO]: Generating keypair
[13:07:47] [Server thread/INFO]: Starting Minecraft server on *:25565
[13:07:47] [Server thread/INFO]: Using epoll channel type
[13:07:47] [Server thread/INFO]: Paper: Using libdeflate (Linux x86_64) compression from Velocity.
[13:07:47] [Server thread/INFO]: Paper: Using OpenSSL 1.1.x (Linux x86_64) cipher from Velocity.
[13:07:48] [Server thread/INFO]: [ViaVersion] Loading server plugin ViaVersion v5.3.2
[13:07:48] [Server thread/INFO]: [ViaVersion] ViaVersion 5.3.2 is now loaded. Registering protocol transformers and injecting...
[13:07:48] [Via-Mappingloader-0/INFO]: [ViaVersion] Loading block connection mappings ...
[13:07:49] [Via-Mappingloader-0/INFO]: [ViaVersion] Using FastUtil Long2ObjectOpenHashMap for block connections
[13:07:49] [Server thread/INFO]: [ViaBackwards] Loading translations...
[13:07:49] [Server thread/INFO]: [ViaBackwards] Registering protocols...
[13:07:50] [Server thread/INFO]: [FarmProtection] Loading server plugin FarmProtection v1.0
[13:07:50] [Server thread/INFO]: [Geyser-Spigot] Loading server plugin Geyser-Spigot v2.7.1-SNAPSHOT
[13:07:50] [Server thread/INFO]: [Geyser-Spigot] Loading extensions...
[13:07:50] [Server thread/INFO]: [Geyser-Spigot] Loaded 0 extension(s)
[13:07:50] [Server thread/INFO]: [ViaBackwards] Loading server plugin ViaBackwards v5.3.2
[13:07:50] [Server thread/INFO]: Server permissions file permissions.yml is empty, ignoring it
[13:07:50] [Server thread/WARN]: **** SERVER IS RUNNING IN OFFLINE/INSECURE MODE!
[13:07:50] [Server thread/WARN]: The server will make no attempt to authenticate usernames. Beware.
[13:07:50] [Server thread/WARN]: While this makes the game possible to play without internet access, it also opens up the ability for hackers to connect with any username they choose.
[13:07:50] [Server thread/WARN]: To change this, set "online-mode" to "true" in the server.properties file.
[13:07:50] [Server thread/INFO]: Preparing level "world"
[13:07:51] [Server thread/INFO]: Preparing start region for dimension minecraft:overworld
[13:07:51] [Server thread/INFO]: Preparing spawn area: 0%
[13:07:51] [Server thread/INFO]: Preparing spawn area: 0%
[13:07:51] [Server thread/INFO]: Time elapsed: 852 ms
[13:07:51] [Server thread/INFO]: Preparing start region for dimension minecraft:the_nether
[13:07:51] [Server thread/INFO]: Preparing spawn area: 0%
[13:07:52] [Server thread/INFO]: Time elapsed: 273 ms
[13:07:52] [Server thread/INFO]: Preparing start region for dimension minecraft:the_end
[13:07:52] [Server thread/INFO]: Preparing spawn area: 0%
[13:07:52] [Server thread/INFO]: Time elapsed: 125 ms
[13:07:52] [Server thread/INFO]: [ViaVersion] Enabling ViaVersion v5.3.2
[13:07:52] [Server thread/INFO]: [ViaVersion] ViaVersion detected server version: 1.21.4 (769)
[13:07:52] [Server thread/INFO]: [FarmProtection] Enabling FarmProtection v1.0
[13:07:52] [Server thread/INFO]: [FarmProtection] Enabled FarmProtection v1.0
[13:07:52] [Server thread/INFO]: [Geyser-Spigot] Enabling Geyser-Spigot v2.7.1-SNAPSHOT
[13:07:52] [Server thread/INFO]: [ViaBackwards] Enabling ViaBackwards v5.3.2
[13:07:52] [Server thread/INFO]: [spark] Starting background profiler...
[13:07:53] [Server thread/INFO]: [Geyser-Spigot] ******************************************
[13:07:53] [Server thread/INFO]: [Geyser-Spigot] 
[13:07:53] [Server thread/INFO]: [Geyser-Spigot] Loading Geyser version 2.7.1-b838 (git-master-c80a8a7)
[13:07:53] [Server thread/INFO]: [Geyser-Spigot] 
[13:07:53] [Server thread/INFO]: [Geyser-Spigot] ******************************************
[13:07:57] [epollEventLoopGroup-3-1/INFO]: [Geyser-Spigot] Started Geyser on UDP port 19132
[13:07:57] [Server thread/INFO]: [Geyser-Spigot] Done (4.836s)! Run /geyser help for help!
[13:07:58] [Server thread/INFO]: Done preparing level "world" (7.552s)
[13:07:58] [Server thread/INFO]: Running delayed init tasks
[13:07:58] [Craft Scheduler Thread - 2 - ViaVersion/INFO]: [ViaVersion] Finished mapping loading, shutting down loader executor.
[13:07:58] [Server thread/INFO]: Done (20.510s)! For help, type "help"
[13:07:58] [User Authenticator #0/INFO]: UUID of player Mayank0G is 76944021-bdb0-33c8-af35-80fdcaa41cc1
[13:07:58] [Server thread/INFO]: Mayank0G joined the game
[13:07:59] [Server thread/INFO]: Mayank0G[/[0:0:0:0:0:0:0:1]:59960] logged in with entity id 43 at ([world]-1048.06362935828, 84.9375, -248.45236017950958)
[13:10:33] [Server thread/INFO]: Villager Villager['Villager'/186, uuid='a702c2dd-6f1e-45cf-a7c7-87f38c9b75d5', l='ServerLevel[world]', x=-927.52, y=130.00, z=-195.45, cpos=[-58, -13], tl=3000, v=true] died, message: 'Villager froze to death'
[13:12:59] [Server thread/INFO]: Mayank0G lost connection: Disconnected
[13:12:59] [Server thread/INFO]: Mayank0G left the game
[13:13:02] [Server thread/INFO]: Stopping the server
[13:13:02] [Server thread/INFO]: Stopping server
[13:13:02] [Server thread/INFO]: [ViaBackwards] Disabling ViaBackwards v5.3.2
[13:13:02] [Server thread/INFO]: [Geyser-Spigot] Disabling Geyser-Spigot v2.7.1-SNAPSHOT
[13:13:02] [Server thread/INFO]: [Geyser-Spigot] Shutting down Geyser.
[13:13:02] [Server thread/INFO]: [Geyser-Spigot] Geyser shutdown successfully.
[13:13:02] [Server thread/INFO]: [FarmProtection] Disabling FarmProtection v1.0
[13:13:02] [Server thread/INFO]: [ViaVersion] Disabling ViaVersion v5.3.2
[13:13:02] [Server thread/INFO]: [ViaVersion] ViaVersion has been disabled; uninjected the platform and shut down the scheduler.
[13:13:02] [Server thread/INFO]: Saving players
[13:13:02] [Server thread/INFO]: Saving worlds
[13:13:02] [Server thread/INFO]: Saving chunks for level 'ServerLevel[world]'/minecraft:overworld
[13:13:02] [Server thread/INFO]: [ChunkHolderManager] Waiting 60s for chunk system to halt for world 'world'
[13:13:02] [Server thread/INFO]: [ChunkHolderManager] Halted chunk system for world 'world'
[13:13:02] [Server thread/INFO]: [ChunkHolderManager] Saving all chunkholders for world 'world'
[13:13:09] [Server thread/INFO]: [ChunkHolderManager] Saved 4427 block chunks, 4531 entity chunks, 2 poi chunks in world 'world' in 7.13s
[13:13:09] [Server thread/INFO]: [ChunkHolderManager] Waiting 60s for chunk I/O to halt for world 'world'
[13:13:09] [Server thread/INFO]: [ChunkHolderManager] Halted I/O scheduler for world 'world'
[13:13:09] [Server thread/INFO]: Saving chunks for level 'ServerLevel[world_nether]'/minecraft:the_nether
[13:13:09] [Server thread/INFO]: [ChunkHolderManager] Waiting 60s for chunk system to halt for world 'world_nether'
[13:13:09] [Server thread/INFO]: [ChunkHolderManager] Halted chunk system for world 'world_nether'
[13:13:09] [Server thread/INFO]: [ChunkHolderManager] Saving all chunkholders for world 'world_nether'
[13:13:09] [Server thread/INFO]: [ChunkHolderManager] Saved 0 block chunks, 1 entity chunks, 0 poi chunks in world 'world_nether' in 0.01s
[13:13:09] [Server thread/INFO]: [ChunkHolderManager] Waiting 60s for chunk I/O to halt for world 'world_nether'
[13:13:09] [Server thread/INFO]: [ChunkHolderManager] Halted I/O scheduler for world 'world_nether'
[13:13:09] [Server thread/INFO]: Saving chunks for level 'ServerLevel[world_the_end]'/minecraft:the_end
[13:13:09] [Server thread/INFO]: [ChunkHolderManager] Waiting 60s for chunk system to halt for world 'world_the_end'
[13:13:09] [Server thread/INFO]: [ChunkHolderManager] Halted chunk system for world 'world_the_end'
[13:13:09] [Server thread/INFO]: [ChunkHolderManager] Saving all chunkholders for world 'world_the_end'
[13:13:09] [Server thread/INFO]: [ChunkHolderManager] Saved 0 block chunks, 10 entity chunks, 0 poi chunks in world 'world_the_end' in 0.01s
[13:13:09] [Server thread/INFO]: [ChunkHolderManager] Waiting 60s for chunk I/O to halt for world 'world_the_end'
[13:13:09] [Server thread/INFO]: [ChunkHolderManager] Halted I/O scheduler for world 'world_the_end'
[13:13:09] [Server thread/INFO]: ThreadedAnvilChunkStorage (world): All chunks are saved
[13:13:09] [Server thread/INFO]: ThreadedAnvilChunkStorage (DIM-1): All chunks are saved
[13:13:09] [Server thread/INFO]: ThreadedAnvilChunkStorage (DIM1): All chunks are saved
[13:13:09] [Server thread/INFO]: ThreadedAnvilChunkStorage: All dimensions are saved
[13:13:09] [Server thread/INFO]: Waiting for I/O tasks to complete...
[13:13:09] [Server thread/INFO]: All I/O tasks to complete
[13:13:09] [Server thread/INFO]: [MoonriseCommon] Awaiting termination of worker pool for up to 60s...
[13:13:09] [Server thread/INFO]: [MoonriseCommon] Awaiting termination of I/O pool for up to 60s...
